2014/11/14 16:31:32 にビルドを開始しました。
     1>ノード 2 上のプロジェクト "C:\Users\vantan\Desktop\GameProduction\KMT Works\3D Games\DirectX Games\Lumps\WindowsGame.vcxproj" (build ターゲット)。
     1>InitializeBuildStatus:
         "AlwaysCreate" が指定されたため "Debug\WindowsGame.unsuccessfulbuild" を作成しています。
       ClCompile:
         すべての出力が最新のものです。
         c:\Program Files (x86)\Microsoft Visual Studio 10.0\VC\bin\CL.exe /c /IDXUT\Core /IDXUT\Optional /Zi /nologo /W4 /WX- /Od /Oi /Oy- /D WIN32 /D _DEBUG /D DEBUG /D PROFILE /D _WINDOWS /D D3DXFX_LARGEADDRESS_HANDLE /D _UNICODE /D UNICODE /Gm- /EHsc /RTC1 /MDd /GS /arch:SSE2 /fp:fast /Zc:wchar_t /Zc:forScope /openmp- /Yu"DXUT.h" /Fp"Debug\WindowsGame.pch" /Fo"Debug\\" /Fd"Debug\vc100.pdb" /Gd /TP /analyze- /errorReport:prompt Program\Library\Graphics\Renderer\Line.cpp  
         Line.cpp
       ResourceCompile:
         すべての出力が最新のものです。
       ManifestResourceCompile:
         すべての出力が最新のものです。
       Link:
         c:\Program Files (x86)\Microsoft Visual Studio 10.0\VC\bin\link.exe /ERRORREPORT:PROMPT /OUT:"C:\Users\vantan\Desktop\GameProduction\KMT Works\3D Games\DirectX Games\Lumps\Debug\WindowsGame.exe" /INCREMENTAL /NOLOGO d3dx10d.lib d3dx9d.lib dxerr.lib dxguid.lib winmm.lib comctl32.lib libxml2.lib dinput8.lib kernel32.lib user32.lib gdi32.lib winspool.lib comdlg32.lib advapi32.lib shell32.lib ole32.lib oleaut32.lib uuid.lib odbc32.lib odbccp32.lib /MANIFEST /ManifestFile:"Debug\WindowsGame.exe.intermediate.manifest" /MANIFESTUAC:"level='asInvoker' uiAccess='false'" /DEBUG /PDB:"C:\Users\vantan\Desktop\GameProduction\KMT Works\3D Games\DirectX Games\Lumps\Debug\WindowsGame.pdb" /SUBSYSTEM:WINDOWS /LARGEADDRESSAWARE /TLBID:1 /DYNAMICBASE /NXCOMPAT /IMPLIB:"C:\Users\vantan\Desktop\GameProduction\KMT Works\3D Games\DirectX Games\Lumps\Debug\WindowsGame.lib" /MACHINE:X86 Debug\KMTGameEngine.res
         Debug\WindowsGame.exe.embed.manifest.res
         Debug\DXUT.obj
         Debug\DXUTenum.obj
         Debug\DXUTmisc.obj
         Debug\DXUTcamera.obj
         Debug\DXUTgui.obj
         Debug\DXUTres.obj
         Debug\DXUTsettingsdlg.obj
         Debug\SDKmesh.obj
         Debug\SDKmisc.obj
         Debug\SDKwavefile.obj
         Debug\CameraThirdPerson.obj
         Debug\AnimationEffect.obj
         Debug\EffectDiffusion.obj
         Debug\Drop.obj
         Debug\GameObject.obj
         Debug\Sphere.obj
         Debug\Player.obj
         Debug\QTreeDebug.obj
         Debug\QTreeDebug_.obj
         Debug\TerrainDebug.obj
         Debug\Objects.obj
         Debug\ScenePlay.obj
         Debug\UI.obj
         Debug\SceneResult.obj
         Debug\Scene.obj
         Debug\SceneManager.obj
         Debug\ShaderDebug.obj
         Debug\SceneTitle.obj
         Debug\Transition.obj
         Debug\HeightField.obj
         Debug\Extension.obj
         Debug\Animation.obj
         Debug\Line.obj
         Debug\Camera.obj
         Debug\ModelRenderer.obj
         Debug\GraphicalregularPolygonPlane.obj
         Debug\GraphicsManager.obj
         Debug\Material.obj
         Debug\Mesh.obj
         Debug\PointSprite.obj
         Debug\Layer.obj
         Debug\ShaderHalfLambert.obj
         Debug\ShaderLambert.obj
         Debug\Particle.obj
         Debug\ShaderPhong.obj
         Debug\Shader.obj
         Debug\GraphicalPlane.obj
         Debug\ShaderToon.obj
         Debug\Sprite.obj
         Debug\Text.obj
         Debug\Texture.obj
         Debug\ViewBehavior.obj
         Debug\Math.obj
         Debug\Matrix.obj
         Debug\Quaternion.obj
         Debug\Transformation.obj
         Debug\BoundingVolume.obj
         Debug\Collision.obj
         Debug\JoyPadManager.obj
         Debug\sound.obj
         Debug\sound_manager.obj
         Debug\wsb_xml.obj
         Debug\Counter.obj
         Debug\Debug.obj
         Debug\FrameRateCounter.obj
         Debug\Timer.obj
         Debug\Main.obj  
       Manifest:
         C:\Program Files (x86)\Microsoft SDKs\Windows\v7.0A\bin\mt.exe /nologo /verbose /out:"Debug\WindowsGame.exe.embed.manifest" /manifest Debug\WindowsGame.exe.intermediate.manifest "c:\Program Files (x86)\Microsoft Visual Studio 10.0\VC\Include\Manifest\dpiaware.manifest"
         すべての出力が最新のものです。
       LinkEmbedManifest:
         すべての出力が最新のものです。
         WindowsGame.vcxproj -> C:\Users\vantan\Desktop\GameProduction\KMT Works\3D Games\DirectX Games\Lumps\Debug\WindowsGame.exe
       FinalizeBuildStatus:
         ファイル "Debug\WindowsGame.unsuccessfulbuild" を削除しています。
         "Debug\WindowsGame.lastbuildstate" のタッチ タスクを実行しています。
     1>プロジェクト "C:\Users\vantan\Desktop\GameProduction\KMT Works\3D Games\DirectX Games\Lumps\WindowsGame.vcxproj" (build ターゲット) のビルドが完了しました。

ビルドに成功しました。

経過時間 00:00:02.20
